Info: Starting: Create block symbol file (.bsf)
Info: qsys-generate D:\cygwin\home\g3gg0\git\FFFilamentrecycling\FPGA\FilamentSensor\ADC.qsys --block-symbol-file --output-directory=D:\cygwin\home\g3gg0\git\FFFilamentrecycling\FPGA\FilamentSensor\ADC --family="MAX 10" --part=10M08SAU169C8G
Progress: Loading FilamentSensor/ADC.qsys
Progress: Reading input file
Progress: Adding modular_adc_0 [altera_modular_adc 20.1]
Progress: Parameterizing module modular_adc_0
Progress: Building connections
Progress: Parameterizing connections
Progress: Validating
Progress: Done reading input file
Info: qsys-generate succeeded.
Info: Finished: Create block symbol file (.bsf)
Info: 
Info: Starting: Create HDL design files for synthesis
Info: qsys-generate D:\cygwin\home\g3gg0\git\FFFilamentrecycling\FPGA\FilamentSensor\ADC.qsys --synthesis=VERILOG --output-directory=D:\cygwin\home\g3gg0\git\FFFilamentrecycling\FPGA\FilamentSensor\ADC\synthesis --family="MAX 10" --part=10M08SAU169C8G
Progress: Loading FilamentSensor/ADC.qsys
Progress: Reading input file
Progress: Adding modular_adc_0 [altera_modular_adc 20.1]
Progress: Parameterizing module modular_adc_0
Progress: Building connections
Progress: Parameterizing connections
Progress: Validating
Progress: Done reading input file
Info: ADC: Generating ADC "ADC" for QUARTUS_SYNTH
Info: modular_adc_0: "ADC" instantiated altera_modular_adc "modular_adc_0"
Info: control_internal: "modular_adc_0" instantiated altera_modular_adc_control "control_internal"
Info: ADC: Done "ADC" with 3 modules, 9 files
Info: qsys-generate succeeded.
Info: Finished: Create HDL design files for synthesis
